<?xml version="1.0" encoding="UTF-8"?>
<testng-results ignored="0" total="1" passed="1" failed="0" skipped="0">
  <reporter-output>
  </reporter-output>
  <suite started-at="2021-03-03T22:27:03Z" name="Default suite" finished-at="2021-03-03T22:27:04Z" duration-ms="391">
    <groups>
    </groups>
    <test started-at="2021-03-03T22:27:03Z" name="Default test" finished-at="2021-03-03T22:27:04Z" duration-ms="391">
      <class name="report.ExtentReportDemo">
        <test-method signature="loginTest()[pri:0, instance:report.ExtentReportDemo@4a883b15]" started-at="2021-03-03T22:27:03Z" name="loginTest" finished-at="2021-03-03T22:27:04Z" duration-ms="375" status="PASS">
          <reporter-output>
          </reporter-output>
        </test-method> <!-- loginTest -->
      </class> <!-- report.ExtentReportDemo -->
    </test> <!-- Default test -->
  </suite> <!-- Default suite -->
</testng-results>
